


ARM Macro Assembler    Page 1 


    1 00000000                 AREA             ARMex, CODE, READONLY
    2 00000000                 ENTRY
    3 00000000         start
    4 00000000 E59F0048        ldr              r0,tempaddr
    5 00000004 E3A0100A        mov              r1, #10     ;r1 = 10
    6 00000008 E3A02002        mov              r2, #2      ;r2 = 2
    7 0000000C E0030192        mul              r3,r2,r1    ;r3 = 10*2
    8 00000010 E2822001        add              r2,r2,#1    ;r2 = 3
    9 00000014 E0040293        mul              r4,r3,r2    ;r4 = 10*3*2
   10 00000018 E2822001        add              r2,r2,#1    ;r2 = 4
   11 0000001C E0050294        mul              r5,r4,r2    ;r5 = 10*4*3*2
   12 00000020 E2822001        add              r2,r2,#1    ;r2 = 5
   13 00000024 E0060295        mul              r6,r5,r2    ;r6 = 10*5*4*3*2
   14 00000028 E2822001        add              r2,r2,#1    ;r2 = 6
   15 0000002C E0070296        mul              r7,r6,r2    ;r7 = 10*6*5*4*3*2
   16 00000030 E2822001        add              r2,r2,#1    ;r2 = 7
   17 00000034 E0080297        mul              r8,r7,r2    ;r8 = 10*7*6*5*4*3*
                                                            2
   18 00000038 E2822001        add              r2,r2,#1    ;r2 = 8
   19 0000003C E0090298        mul              r9,r8,r2    ;r9 = 10*8*7*6*5*4*
                                                            3*2
   20 00000040 E2822001        add              r2,r2,#1    ;r2 = 9
   21 00000044 E00A0299        mul              r10,r9,r2   ;r10 =10*9*8*7*6*5*
                                                            4*3*2
   22 00000048         
   23 00000048 E580A000        str              r10,[r0]
   24 0000004C E1A0F00E        mov              pc,lr
   25 00000050         
   26 00000050 00040000 
                       tempaddr
                               &                &40000
   27 00000054                 end
Command Line: --debug --xref --diag_suppress=9931 --cpu=ARM9E --apcs=interwork 
--depend=.\objects\problem2.d -o.\objects\problem2.o -IC:\Users\dlrkd\homework\
kanghyun\onedrive\2-2\keli\ARM\RV31\INC -IC:\Users\dlrkd\homework\kanghyun\oned
rive\2-2\keli\ARM\CMSIS\Include --predefine="__EVAL SETA 1" --predefine="__UVIS
ION_VERSION SETA 529" --list=.\listings\problem2.lst problem2.s



ARM Macro Assembler    Page 1 Alphabetic symbol ordering
Relocatable symbols

ARMex 00000000

Symbol: ARMex
   Definitions
      At line 1 in file problem2.s
   Uses
      None
Comment: ARMex unused
start 00000000

Symbol: start
   Definitions
      At line 3 in file problem2.s
   Uses
      None
Comment: start unused
tempaddr 00000050

Symbol: tempaddr
   Definitions
      At line 26 in file problem2.s
   Uses
      At line 4 in file problem2.s
Comment: tempaddr used once
3 symbols
335 symbols in table
