


ARM Macro Assembler    Page 1 


    1 00000000                 AREA             ARMex, CODE, READONLY
    2 00000000                 ENTRY
    3 00000000         start
    4 00000000         
    5 00000000 E3A00001        MOV              r0,#1
    6 00000004 E3A01002        MOV              r1,#2
    7 00000008 E3A02003        MOV              r2,#3
    8 0000000C E3A03004        MOV              r3,#4
    9 00000010 E51F4004        LDR              r4,number
   10 00000014         ;initializing
   11 00000014         
   12 00000014 00001000 
                       number  &                &1000       ;address setting
   13 00000018         
   14 00000018 E5C40000        STRB             r0,[r4]
   15 0000001C E5C41001        STRB             r1,[r4,#1]
   16 00000020 E5C42002        STRB             r2,[r4,#2]
   17 00000024 E5C43003        STRB             r3,[r4,#3]
   18 00000028         ;1byte store with offset
   19 00000028         
   20 00000028 E5945000        LDR              r5,[r4]     ;4byte load
   21 0000002C         
   22 0000002C E5C40003        STRB             r0,[r4,#3]
   23 00000030 E5C41002        STRB             r1,[r4,#2]
   24 00000034 E5C42001        STRB             r2,[r4,#1]
   25 00000038 E5C43000        STRB             r3,[r4]
   26 0000003C         
   27 0000003C E5946000        LDR              r6,[r4]
   28 00000040                 END
Command Line: --debug --xref --diag_suppress=9931 --cpu=ARM9E --apcs=interwork 
--depend=.\objects\problem2.d -o.\objects\problem2.o -IC:\Users\dlrkd\homework\
kanghyun\onedrive\2-2\keli\ARM\RV31\INC -IC:\Users\dlrkd\homework\kanghyun\oned
rive\2-2\keli\ARM\CMSIS\Include --predefine="__EVAL SETA 1" --predefine="__UVIS
ION_VERSION SETA 529" --list=.\listings\problem2.lst problem2.s



ARM Macro Assembler    Page 1 Alphabetic symbol ordering
Relocatable symbols

ARMex 00000000

Symbol: ARMex
   Definitions
      At line 1 in file problem2.s
   Uses
      None
Comment: ARMex unused
number 00000014

Symbol: number
   Definitions
      At line 12 in file problem2.s
   Uses
      At line 9 in file problem2.s
Comment: number used once
start 00000000

Symbol: start
   Definitions
      At line 3 in file problem2.s
   Uses
      None
Comment: start unused
3 symbols
335 symbols in table
