


ARM Macro Assembler    Page 1 


    1 00000000                 AREA             ARMex, CODE, READONLY
    2 00000000                 ENTRY
    3 00000000         start
    4 00000000 E59F4014        LDR              r4, TEMPADDR1 
                                                            ;address allocation
                                                            
    5 00000004 E3A06007        MOV              r6, #7
    6 00000008 E5C46000        STRB             r6,[r4]     ;1 byte store
    7 0000000C E3A0700A        MOV              r7, #10
    8 00000010 E5C47001        STRB             r7,[r4,#1]
    9 00000014 E3A08011        MOV              r8, #17
   10 00000018 E5C48002        STRB             r8,[r4,#2]
   11 0000001C         
   12 0000001C         
   13 0000001C 00001000 
                       TEMPADDR1
                               &                &1000       ;address setting
   14 00000020         
   15 00000020 E5D40000        LDRB             r0, [r4]    ;1 byte load
   16 00000024 E5D41001        LDRB             r1, [r4,#1] ; r4 is not change,
                                                             r1= r4+1
   17 00000028 E5D42002        LDRB             r2, [r4,#2]
   18 0000002C E350000A        CMP              r0, #10     ;compare r0,#10
   19 00000030 C3A05001        MOVGT            r5, #1      ;Z clear and N and 
                                                            V the same
   20 00000034 43A05002        MOVMI            r5, #2      ;N set
   21 00000038 03A05003        MOVEQ            r5, #3      ;Z set
   22 0000003C         
   23 0000003C E351000A        CMP              r1, #10
   24 00000040 C3A05001        MOVGT            r5, #1
   25 00000044 43A05002        MOVMI            r5, #2
   26 00000048 03A05003        MOVEQ            r5, #3
   27 0000004C         
   28 0000004C E352000A        CMP              r2, #10
   29 00000050 C3A05001        MOVGT            r5, #1
   30 00000054 43A05002        MOVMI            r5, #2
   31 00000058 03A05003        MOVEQ            r5, #3
   32 0000005C         
   33 0000005C                 END                          ;mark end of line
Command Line: --debug --xref --diag_suppress=9931 --cpu=ARM9E --apcs=interwork 
--depend=.\objects\problem1.d -o.\objects\problem1.o -IC:\Users\dlrkd\homework\
kanghyun\onedrive\2-2\keli\ARM\RV31\INC -IC:\Users\dlrkd\homework\kanghyun\oned
rive\2-2\keli\ARM\CMSIS\Include --predefine="__EVAL SETA 1" --predefine="__UVIS
ION_VERSION SETA 529" --list=.\listings\problem1.lst problem1.s



ARM Macro Assembler    Page 1 Alphabetic symbol ordering
Relocatable symbols

ARMex 00000000

Symbol: ARMex
   Definitions
      At line 1 in file problem1.s
   Uses
      None
Comment: ARMex unused
TEMPADDR1 0000001C

Symbol: TEMPADDR1
   Definitions
      At line 13 in file problem1.s
   Uses
      At line 4 in file problem1.s
Comment: TEMPADDR1 used once
start 00000000

Symbol: start
   Definitions
      At line 3 in file problem1.s
   Uses
      None
Comment: start unused
3 symbols
335 symbols in table
