


ARM Macro Assembler    Page 1 


    1 00000000                 AREA             ARMex, CODE, READONLY
    2 00000000                 ENTRY
    3 00000000         
    4 00000000         start
    5 00000000 E59F0080        LDR              r0, addr    ;load memory for ac
                                                            cessing
    6 00000004 E59F1080        LDR              r1, =array  ;load array to r1
    7 00000008         
    8 00000008 E4912004        LDR              r2,[r1],#4  ;load the data to r
                                                            3 from Array
    9 0000000C E0833002        ADD              r3,r3,r2
   10 00000010 E4912004        LDR              r2,[r1],#4
   11 00000014 E0833002        ADD              r3,r3,r2
   12 00000018 E4912004        LDR              r2,[r1],#4
   13 0000001C E0833002        ADD              r3,r3,r2
   14 00000020 E4912004        LDR              r2,[r1],#4
   15 00000024 E0833002        ADD              r3,r3,r2
   16 00000028 E4912004        LDR              r2,[r1],#4
   17 0000002C E0833002        ADD              r3,r3,r2
   18 00000030 E4912004        LDR              r2,[r1],#4
   19 00000034 E0833002        ADD              r3,r3,r2
   20 00000038 E4912004        LDR              r2,[r1],#4
   21 0000003C E0833002        ADD              r3,r3,r2
   22 00000040 E4912004        LDR              r2,[r1],#4
   23 00000044 E0833002        ADD              r3,r3,r2
   24 00000048 E4912004        LDR              r2,[r1],#4
   25 0000004C E0833002        ADD              r3,r3,r2
   26 00000050 E4912004        LDR              r2,[r1],#4
   27 00000054 E0833002        ADD              r3,r3,r2
   28 00000058 E5803000        STR              r3,[r0]
   29 0000005C         
   30 0000005C E1A0F00E        MOV              pc, lr
   31 00000060         
   32 00000060 0000000B 
              0000000D 
              0000000F 
              00000011 
              00000013 
              00000015 
              00000017 
              00000019 
              0000001B 
              0000001D array   DCD              11,13,15,17,19,21,23,25,27,29
   33 00000088 00004000 
                       addr    &                &4000
   34 0000008C                 END
              00000000 
Command Line: --debug --xref --diag_suppress=9931 --cpu=ARM9E --apcs=interwork 
--depend=.\objects\problem3-3.d -o.\objects\problem3-3.o -IC:\Users\dlrkd\homew
ork\kanghyun\onedrive\2-2\keli\ARM\RV31\INC -IC:\Users\dlrkd\homework\kanghyun\
onedrive\2-2\keli\ARM\CMSIS\Include --predefine="__EVAL SETA 1" --predefine="__
UVISION_VERSION SETA 529" --list=.\listings\problem3-3.lst problem3-3.s



ARM Macro Assembler    Page 1 Alphabetic symbol ordering
Relocatable symbols

ARMex 00000000

Symbol: ARMex
   Definitions
      At line 1 in file problem3-3.s
   Uses
      None
Comment: ARMex unused
addr 00000088

Symbol: addr
   Definitions
      At line 33 in file problem3-3.s
   Uses
      At line 5 in file problem3-3.s
Comment: addr used once
array 00000060

Symbol: array
   Definitions
      At line 32 in file problem3-3.s
   Uses
      At line 6 in file problem3-3.s
Comment: array used once
start 00000000

Symbol: start
   Definitions
      At line 4 in file problem3-3.s
   Uses
      None
Comment: start unused
4 symbols
338 symbols in table
