


ARM Macro Assembler    Page 1 


    1 00000000                 AREA             ARMex, CODE, READONLY
    2 00000000                 ENTRY
    3 00000000         
    4 00000000         start
    5 00000000 E59F003C        LDR              r0,Address0 ;load memory Addres
                                                            s0
    6 00000004 E3A0100A        MOV              r1, #10     ;same
    7 00000008 E3A0200B        MOV              r2, #11     ;different
    8 0000000C E59F504C        LDR              r5, =arr1   ; load arr1 address
                                                             into r5
    9 00000010 E59F604C        LDR              r6, =arr2   ; load arr2 address
                                                             into r6
   10 00000014         
   11 00000014         Loop
   12 00000014 E4D53001        LDRB             r3,[r5], #1
   13 00000018 E4D64001        LDRB             r4,[r6], #1
   14 0000001C E1530004        CMP              r3,r4
   15 00000020 1A000000        BNE              notequal    ;arr1 != arr2, go t
                                                            o notequal
   16 00000024 0A000001        BEQ              equal       ; arr1 == arr2, go 
                                                            to equal
   17 00000028         
   18 00000028         notequal
   19 00000028 E5802000        STR              r2, [r0]    ; store 11
   20 0000002C EA000003        B                Endline     ;end loop
   21 00000030         
   22 00000030         equal
   23 00000030 E3530000        CMP              r3,#0       ; checking end of w
                                                            ord
   24 00000034 0A000001        BEQ              Endline     ; and loop
   25 00000038 E5801000        STR              r1, [r0]    ; store 10
   26 0000003C EAFFFFF4        B                Loop        ; loop
   27 00000040         
   28 00000040         Endline
   29 00000040 E1A0F00E        MOV              pc,lr
   30 00000044         
   31 00000044 00004000 
                       Address0
                               &                &4000
   32 00000048 61 70 70 
              6C 65 5F 
              70 69 65 
              00       arr1    DCB              "apple_pie",0 
                                                            ;save word in arr1
   33 00000052 61 70 70 
              6C 65 5F 
              74 72 65 
              65 00    arr2    DCB              "apple_tree",0 
                                                            ;save word in arr1
   34 0000005D         
   35 0000005D                 END
              00 00 00 
              00000000 
              00000000 
Command Line: --debug --xref --diag_suppress=9931 --cpu=ARM9E --apcs=interwork 
--depend=.\objects\problem.d -o.\objects\problem.o -IC:\Users\dlrkd\homework\ka
nghyun\onedrive\2-2\keli\ARM\RV31\INC -IC:\Users\dlrkd\homework\kanghyun\onedri
ve\2-2\keli\ARM\CMSIS\Include --predefine="__EVAL SETA 1" --predefine="__UVISIO
N_VERSION SETA 529" --list=.\listings\problem.lst problem.s



ARM Macro Assembler    Page 1 Alphabetic symbol ordering
Relocatable symbols

ARMex 00000000

Symbol: ARMex
   Definitions
      At line 1 in file problem.s
   Uses
      None
Comment: ARMex unused
Address0 00000044

Symbol: Address0
   Definitions
      At line 31 in file problem.s
   Uses
      At line 5 in file problem.s
Comment: Address0 used once
Endline 00000040

Symbol: Endline
   Definitions
      At line 28 in file problem.s
   Uses
      At line 20 in file problem.s
      At line 24 in file problem.s

Loop 00000014

Symbol: Loop
   Definitions
      At line 11 in file problem.s
   Uses
      At line 26 in file problem.s
Comment: Loop used once
arr1 00000048

Symbol: arr1
   Definitions
      At line 32 in file problem.s
   Uses
      At line 8 in file problem.s
Comment: arr1 used once
arr2 00000052

Symbol: arr2
   Definitions
      At line 33 in file problem.s
   Uses
      At line 9 in file problem.s
Comment: arr2 used once
equal 00000030

Symbol: equal
   Definitions
      At line 22 in file problem.s
   Uses
      At line 16 in file problem.s
Comment: equal used once
notequal 00000028




ARM Macro Assembler    Page 2 Alphabetic symbol ordering
Relocatable symbols

Symbol: notequal
   Definitions
      At line 18 in file problem.s
   Uses
      At line 15 in file problem.s
Comment: notequal used once
start 00000000

Symbol: start
   Definitions
      At line 4 in file problem.s
   Uses
      None
Comment: start unused
9 symbols
343 symbols in table
