


ARM Macro Assembler    Page 1 


    1 00000000                 AREA             problem2,CODE,READONLY
    2 00000000                 ENTRY
    3 00000000         start
    4 00000000 E59FD03C        LDR              sp,tempaddr
    5 00000004 E3A00000        MOV              r0,#0
    6 00000008 E3A01001        MOV              r1,#1
    7 0000000C E3A02002        MOV              r2,#2
    8 00000010 E3A03003        MOV              r3,#3
    9 00000014 E3A04004        MOV              r4,#4
   10 00000018 E3A05005        MOV              r5,#5
   11 0000001C E3A06006        MOV              r6,#6
   12 00000020 E3A07007        MOV              r7,#7
   13 00000024         
   14 00000024 E48D2004        STR              r2,[sp],#4
   15 00000028 E48D0004        STR              r0,[sp],#4
   16 0000002C E48D3004        STR              r3,[sp],#4
   17 00000030 E8AD00E0        STMIA            sp!,{r5-r7} ;block data transfe
                                                            r
   18 00000034 E48D1004        STR              r1,[sp],#4
   19 00000038 E58D4000        STR              r4,[sp]
   20 0000003C E81D00FF        LDMFA            sp,{r0-r7}  ;block data transfe
                                                            r
   21 00000040 E3A0F000        MOV              pc,#0
   22 00000044         
   23 00000044 00040000 
                       tempaddr
                               DCD              &40000
   24 00000048                 END
Command Line: --debug --xref --diag_suppress=9931 --cpu=ARM9E --apcs=interwork 
--depend=.\objects\problem2.d -o.\objects\problem2.o -IC:\Users\dlrkd\homework\
kanghyun\onedrive\2-2\keli\ARM\RV31\INC -IC:\Users\dlrkd\homework\kanghyun\oned
rive\2-2\keli\ARM\CMSIS\Include --predefine="__EVAL SETA 1" --predefine="__UVIS
ION_VERSION SETA 529" --list=.\listings\problem2.lst problem2.s



ARM Macro Assembler    Page 1 Alphabetic symbol ordering
Relocatable symbols

problem2 00000000

Symbol: problem2
   Definitions
      At line 1 in file problem2.s
   Uses
      None
Comment: problem2 unused
start 00000000

Symbol: start
   Definitions
      At line 3 in file problem2.s
   Uses
      None
Comment: start unused
tempaddr 00000044

Symbol: tempaddr
   Definitions
      At line 23 in file problem2.s
   Uses
      At line 4 in file problem2.s
Comment: tempaddr used once
3 symbols
335 symbols in table
