


ARM Macro Assembler    Page 1 


    1 00000000                 AREA             problem3, CODE, READONLY
    2 00000000                 ENTRY
    3 00000000         start
    4 00000000 E59FD098        LDR              sp, tempaddr1
    5 00000004 E3A090A0        MOV              r9, #160
    6 00000008 E3A0000A        MOV              r0,#10
    7 0000000C E3A0100B        MOV              r1,#11
    8 00000010 E3A0200C        MOV              r2,#12
    9 00000014 E3A0300D        MOV              r3,#13
   10 00000018 E3A0400E        MOV              r4,#14
   11 0000001C E3A0500F        MOV              r5,#15
   12 00000020 E3A06010        MOV              r6,#16
   13 00000024 E3A07011        MOV              r7,#17
   14 00000028 EB000000        BL               doRegister  ;branch with link
   15 0000002C EA000011        B                doGCD       ;branch
   16 00000030         
   17 00000030         doRegister
   18 00000030 E98D00FF        STMFA            sp,{r0-r7}  ;copy register data
                                                            
   19 00000034 E2800000        ADD              r0,r0,#0
   20 00000038 E2811001        ADD              r1,r1,#1
   21 0000003C E2822002        ADD              r2,r2,#2
   22 00000040 E2833003        ADD              r3,r3,#3
   23 00000044 E2844004        ADD              r4,r4,#4
   24 00000048 E2855005        ADD              r5,r5,#5
   25 0000004C E2866006        ADD              r6,r6,#6
   26 00000050 E2877007        ADD              r7,r7,#7    ;register = registe
                                                            r + index
   27 00000054         
   28 00000054 E0888000        ADD              r8,r8,r0
   29 00000058 E0888001        ADD              r8,r8,r1
   30 0000005C E0888002        ADD              r8,r8,r2
   31 00000060 E0888003        ADD              r8,r8,r3
   32 00000064 E0888004        ADD              r8,r8,r4
   33 00000068 E0888005        ADD              r8,r8,r5
   34 0000006C E0888006        ADD              r8,r8,r6
   35 00000070 E0888007        ADD              r8,r8,r7    ;r8: register's sum
                                                            
   36 00000074 E1A0F00E        MOV              pc,lr       ; end subroutine
   37 00000078         
   38 00000078         doGCD
   39 00000078 E1580009        CMP              r8,r9
   40 0000007C C0488009        SUBGT            r8,r8,r9    ;if r8>r9,r8=r8-r9
   41 00000080 B0499008        SUBLT            r9,r9,r8    ;if r8<r9,r9=r9-r8
   42 00000084         
   43 00000084 1AFFFFFB        BNE              doGCD       ; not equal? loop
   44 00000088 0AFFFFFF        BEQ              Endline     ; equal? go endline
                                                            
   45 0000008C         Endline
   46 0000008C E99D00FF        LDMED            sp,{r0-r7}
   47 00000090 E0888004        ADD              r8,r8,r4
   48 00000094 E58D8000        STR              r8,[sp]     ; save
   49 00000098 E3A08000        MOV              r8,#0
   50 0000009C E3A0F000        MOV              pc,#0       ;program end
   51 000000A0         
   52 000000A0 00040000 
                       tempaddr1
                               &                &40000
   53 000000A4         



ARM Macro Assembler    Page 2 


   54 000000A4                 END
Command Line: --debug --xref --diag_suppress=9931 --cpu=ARM9E --apcs=interwork 
--depend=.\objects\problem3.d -o.\objects\problem3.o -IC:\Users\dlrkd\homework\
kanghyun\onedrive\2-2\keli\ARM\RV31\INC -IC:\Users\dlrkd\homework\kanghyun\oned
rive\2-2\keli\ARM\CMSIS\Include --predefine="__EVAL SETA 1" --predefine="__UVIS
ION_VERSION SETA 529" --list=.\listings\problem3.lst problem3.s



ARM Macro Assembler    Page 1 Alphabetic symbol ordering
Relocatable symbols

Endline 0000008C

Symbol: Endline
   Definitions
      At line 45 in file problem3.s
   Uses
      At line 44 in file problem3.s
Comment: Endline used once
doGCD 00000078

Symbol: doGCD
   Definitions
      At line 38 in file problem3.s
   Uses
      At line 15 in file problem3.s
      At line 43 in file problem3.s

doRegister 00000030

Symbol: doRegister
   Definitions
      At line 17 in file problem3.s
   Uses
      At line 14 in file problem3.s
Comment: doRegister used once
problem3 00000000

Symbol: problem3
   Definitions
      At line 1 in file problem3.s
   Uses
      None
Comment: problem3 unused
start 00000000

Symbol: start
   Definitions
      At line 3 in file problem3.s
   Uses
      None
Comment: start unused
tempaddr1 000000A0

Symbol: tempaddr1
   Definitions
      At line 52 in file problem3.s
   Uses
      At line 4 in file problem3.s
Comment: tempaddr1 used once
6 symbols
338 symbols in table
